[2026-05-03 14:43:42] TO: putri@gmail.com | SUBJECT: Update Penanganan IT Support - TSR-20260430-0001
Halo Putri,

Tiket IT Support Anda sudah diproses.

No. Tiket : TSR-20260430-0001
Status    : ON PROGRESS
Aset      : printer
Lokasi    : gate nusantara
PIC       : ADMIN SPMT

Penanganan:
-

Silakan cek kembali kondisi perangkat. Jika masih bermasalah, hubungi kembali tim IT Support.

Terima kasih.
Tim IT Support SPMT
---
[2026-05-03 14:44:14] TO: putri@gmail.com | SUBJECT: Update Penanganan IT Support - TSR-20260430-0001
Halo Putri,

Tiket IT Support Anda sudah diproses.

No. Tiket : TSR-20260430-0001
Status    : DONE
Aset      : printer
Lokasi    : gate nusantara
PIC       : ADMIN SPMT

Penanganan:
sudah di cek

Silakan cek kembali kondisi perangkat. Jika masih bermasalah, hubungi kembali tim IT Support.

Terima kasih.
Tim IT Support SPMT
---
[2026-06-09 04:50:19] TO: user.rendal@spmt.local | SUBJECT: Update Penanganan IT Support - TK-20260603
Halo SITI,

Tiket IT Support Anda sudah diproses.

No. Tiket : TK-20260603
Status    : DONE
Aset      : MONITOR
Lokasi    : Ruang Rendal
PIC       : ADMIN SPMT

Penanganan:
Performa perangkat sudah dinormalisasi.

Silakan cek kembali kondisi perangkat. Jika masih bermasalah, hubungi kembali tim IT Support.

Terima kasih.
Tim IT Support SPMT
---
[2026-06-09 04:51:50] TO: user.rendal@spmt.local | SUBJECT: Update Penanganan IT Support - TK-20260603
Halo SITI,

Tiket IT Support Anda sudah diproses.

No. Tiket : TK-20260603
Status    : NOT YET
Aset      : MONITOR
Lokasi    : Ruang Rendal
PIC       : ADMIN SPMT

Penanganan:
Performa perangkat sudah dinormalisasi.

Silakan cek kembali kondisi perangkat. Jika masih bermasalah, hubungi kembali tim IT Support.

Terima kasih.
Tim IT Support SPMT
---
[2026-06-09 04:52:01] TO: user.rendal@spmt.local | SUBJECT: Update Penanganan IT Support - TK-20260603
Halo SITI,

Tiket IT Support Anda sudah diproses.

No. Tiket : TK-20260603
Status    : DONE
Aset      : MONITOR
Lokasi    : Ruang Rendal
PIC       : ADMIN SPMT

Penanganan:
Performa perangkat sudah dinormalisasi.

Silakan cek kembali kondisi perangkat. Jika masih bermasalah, hubungi kembali tim IT Support.

Terima kasih.
Tim IT Support SPMT
---
[2026-06-09 05:14:48] TO: user.rendal@spmt.local | SUBJECT: Update Penanganan IT Support - TK-20260603
Halo SITI,

Tiket IT Support Anda sudah diproses.

No. Tiket : TK-20260603
Status    : DONE
Aset      : MONITOR
Lokasi    : Ruang Rendal
PIC       : Test Admin

Penanganan:
Performa perangkat sudaSudah dilakukan pengecekan layar monitor dan penggantian kabel HDMI.h dinormalisasi.

Silakan cek kembali kondisi perangkat. Jika masih bermasalah, hubungi kembali tim IT Support.

Terima kasih.
Tim IT Support SPMT
---
[2026-06-09 05:49:31] TO: user.rendal@spmt.local | SUBJECT: Update Penanganan IT Support - TK-20260603
Halo SITI,

Tiket IT Support Anda sudah diproses.

No. Tiket : TK-20260603
Status    : DONE
Aset      : MONITOR
Lokasi    : Ruang Rendal
PIC       : ADMIN SPMT

Penanganan:
Performa perangkat Sudah dilakukan pengecekan layar monitor dan penggantian kabel HDMI.h dinormalisasi.

Silakan cek kembali kondisi perangkat. Jika masih bermasalah, hubungi kembali tim IT Support.

Terima kasih.
Tim IT Support SPMT
---
[2026-06-09 05:49:33] TO: user.rendal@spmt.local | SUBJECT: Update Penanganan IT Support - TK-20260603
Halo SITI,

Tiket IT Support Anda sudah diproses.

No. Tiket : TK-20260603
Status    : DONE
Aset      : MONITOR
Lokasi    : Ruang Rendal
PIC       : ADMIN SPMT

Penanganan:
Performa perangkat Sudah dilakukan pengecekan layar monitor dan penggantian kabel HDMI.h dinormalisasi.

Silakan cek kembali kondisi perangkat. Jika masih bermasalah, hubungi kembali tim IT Support.

Terima kasih.
Tim IT Support SPMT
---
[2026-06-09 05:49:35] TO: user.rendal@spmt.local | SUBJECT: Update Penanganan IT Support - TK-20260603
Halo SITI,

Tiket IT Support Anda sudah diproses.

No. Tiket : TK-20260603
Status    : DONE
Aset      : MONITOR
Lokasi    : Ruang Rendal
PIC       : ADMIN SPMT

Penanganan:
Performa perangkat Sudah dilakukan pengecekan layar monitor dan penggantian kabel HDMI.h dinormalisasi.

Silakan cek kembali kondisi perangkat. Jika masih bermasalah, hubungi kembali tim IT Support.

Terima kasih.
Tim IT Support SPMT
---
[2026-06-10 09:39:06] TO: aliyazahr@gmail.com | SUBJECT: Update Penanganan IT Support - TSR-260610-002
Halo aliyah,

Tiket IT Support Anda sudah diproses.

No. Tiket : TSR-260610-002
Status    : ON PROGRESS
Aset      : pc
Lokasi    : ppp
PIC       : ADMIN SPMT

Penanganan:
-

Silakan cek kembali kondisi perangkat. Jika masih bermasalah, hubungi kembali tim IT Support.

Terima kasih.
Tim IT Support SPMT
---
